2026-03-03 12:05:15,710 | ERROR    | Configuration validation failed
2026-03-03 12:08:13,976 | INFO     | RiskManager initialized: max_daily_loss=$20, max_trades=5, max_concurrent=2
2026-03-03 12:08:13,977 | INFO     | AISandbox initialized: ai_enabled=False, ai_can_execute=False, min_confidence=70
2026-03-03 12:08:14,010 | INFO     | AI Wrapper: AIFinanceAgentTeam loaded
2026-03-03 12:08:14,010 | INFO     | CircuitBreaker 'mt5' initialized: failure_threshold=3, timeout=60s
2026-03-03 12:08:14,011 | INFO     | CircuitBreaker 'ai' initialized: failure_threshold=5, timeout=120s
2026-03-03 12:08:14,011 | INFO     | AuditJournal initialized: logs/audit_journal.csv
2026-03-03 12:08:39,418 | INFO     | RiskManager initialized: max_daily_loss=$20, max_trades=5, max_concurrent=2
2026-03-03 12:08:39,418 | INFO     | AISandbox initialized: ai_enabled=False, ai_can_execute=False, min_confidence=70
2026-03-03 12:08:39,419 | INFO     | AI Wrapper: AIFinanceAgentTeam loaded
2026-03-03 12:08:39,419 | INFO     | CircuitBreaker 'mt5' initialized: failure_threshold=3, timeout=60s
2026-03-03 12:08:39,420 | INFO     | CircuitBreaker 'ai' initialized: failure_threshold=5, timeout=120s
2026-03-03 12:08:39,420 | INFO     | AuditJournal initialized: logs/audit_journal.csv
2026-03-03 12:08:39,420 | INFO     | Starting LIVE trading mode
2026-03-03 12:08:39,421 | WARNING  | MT5 credentials not configured
2026-03-03 12:08:39,421 | INFO     | Running in PAPER trading mode
2026-03-03 12:08:39,424 | INFO     | Entering main trading loop (Ctrl+C to stop)
2026-03-03 12:08:39,518 | INFO     | Checking for signals at 2026-02-06 05:45:00
2026-03-03 12:09:09,558 | INFO     | Checking for signals at 2026-02-06 05:45:00
2026-03-03 12:09:29,896 | INFO     | RiskManager initialized: max_daily_loss=$20, max_trades=5, max_concurrent=2
2026-03-03 12:09:29,896 | INFO     | AISandbox initialized: ai_enabled=False, ai_can_execute=False, min_confidence=70
2026-03-03 12:09:29,897 | INFO     | AI Wrapper: AIFinanceAgentTeam loaded
2026-03-03 12:09:29,897 | INFO     | CircuitBreaker 'mt5' initialized: failure_threshold=3, timeout=60s
2026-03-03 12:09:29,897 | INFO     | CircuitBreaker 'ai' initialized: failure_threshold=5, timeout=120s
2026-03-03 12:09:29,897 | INFO     | AuditJournal initialized: logs/audit_journal.csv
2026-03-03 12:09:29,897 | INFO     | Starting LIVE trading mode
2026-03-03 12:09:29,898 | WARNING  | MT5 credentials not configured
2026-03-03 12:09:29,898 | INFO     | Running in PAPER trading mode
2026-03-03 12:09:29,899 | INFO     | Entering main trading loop (Ctrl+C to stop)
2026-03-03 12:09:29,942 | INFO     | Checking for signals at 2026-02-06 05:45:00
2026-03-03 12:09:59,978 | INFO     | Checking for signals at 2026-02-06 05:45:00
2026-03-03 12:10:30,022 | INFO     | Checking for signals at 2026-02-06 05:45:00
2026-03-03 12:10:32,844 | INFO     | RiskManager initialized: max_daily_loss=$20, max_trades=5, max_concurrent=2
2026-03-03 12:10:32,844 | INFO     | AISandbox initialized: ai_enabled=False, ai_can_execute=False, min_confidence=70
2026-03-03 12:10:32,845 | INFO     | AI Wrapper: AIFinanceAgentTeam loaded
2026-03-03 12:10:32,845 | INFO     | CircuitBreaker 'mt5' initialized: failure_threshold=3, timeout=60s
2026-03-03 12:10:32,845 | INFO     | CircuitBreaker 'ai' initialized: failure_threshold=5, timeout=120s
2026-03-03 12:10:32,845 | INFO     | AuditJournal initialized: logs/audit_journal.csv
2026-03-03 12:10:32,845 | INFO     | Starting LIVE trading mode
2026-03-03 12:10:32,921 | WARNING  | [mt5] Failure recorded (1/3) - name 'connect' is not defined
2026-03-03 12:10:32,922 | ERROR    | MT5 connection error: name 'connect' is not defined
2026-03-03 12:10:32,922 | INFO     | Running in PAPER trading mode
2026-03-03 12:10:32,924 | INFO     | Entering main trading loop (Ctrl+C to stop)
2026-03-03 12:10:32,971 | INFO     | Checking for signals at 2026-02-06 05:45:00
2026-03-03 12:11:03,012 | INFO     | Checking for signals at 2026-02-06 05:45:00
2026-03-03 12:11:33,055 | INFO     | Checking for signals at 2026-02-06 05:45:00
2026-03-03 12:12:03,093 | INFO     | Checking for signals at 2026-02-06 05:45:00
2026-03-03 12:12:33,164 | INFO     | Checking for signals at 2026-02-06 05:45:00
2026-03-03 12:13:03,208 | INFO     | Checking for signals at 2026-02-06 05:45:00
2026-03-03 12:13:33,241 | INFO     | Checking for signals at 2026-02-06 05:45:00
2026-03-03 12:14:47,376 | INFO     | RiskManager initialized: max_daily_loss=$20, max_trades=5, max_concurrent=2
2026-03-03 12:14:47,376 | INFO     | AISandbox initialized: ai_enabled=False, ai_can_execute=False, min_confidence=70
2026-03-03 12:14:47,377 | INFO     | AI Wrapper: AIFinanceAgentTeam loaded
2026-03-03 12:14:47,377 | INFO     | CircuitBreaker 'mt5' initialized: failure_threshold=3, timeout=60s
2026-03-03 12:14:47,377 | INFO     | CircuitBreaker 'ai' initialized: failure_threshold=5, timeout=120s
2026-03-03 12:14:47,377 | INFO     | AuditJournal initialized: logs/audit_journal.csv
2026-03-03 12:14:47,377 | INFO     | Starting LIVE trading mode
2026-03-03 12:14:47,379 | WARNING  | MT5 not connected in mobile_api
2026-03-03 12:14:47,379 | INFO     | Running in PAPER trading mode
2026-03-03 12:14:47,380 | INFO     | Entering main trading loop (Ctrl+C to stop)
2026-03-03 12:14:47,424 | INFO     | Checking for signals at 2026-02-06 05:45:00
2026-03-03 12:15:17,480 | INFO     | Checking for signals at 2026-02-06 05:45:00
2026-03-03 12:15:47,532 | INFO     | Checking for signals at 2026-02-06 05:45:00
2026-03-03 12:16:17,568 | INFO     | Checking for signals at 2026-02-06 05:45:00
2026-03-03 12:16:47,616 | INFO     | Checking for signals at 2026-02-06 05:45:00
2026-03-03 12:17:17,660 | INFO     | Checking for signals at 2026-02-06 05:45:00
2026-03-03 12:17:47,732 | INFO     | Checking for signals at 2026-02-06 05:45:00
2026-03-03 12:18:17,788 | INFO     | Checking for signals at 2026-02-06 05:45:00
2026-03-03 12:18:47,826 | INFO     | Checking for signals at 2026-02-06 05:45:00
2026-03-03 12:19:17,865 | INFO     | Checking for signals at 2026-02-06 05:45:00
2026-03-03 12:19:47,904 | INFO     | Checking for signals at 2026-02-06 05:45:00
2026-03-03 12:20:17,943 | INFO     | Checking for signals at 2026-02-06 05:45:00
2026-03-03 12:20:47,979 | INFO     | Checking for signals at 2026-02-06 05:45:00
2026-03-03 12:21:18,020 | INFO     | Checking for signals at 2026-02-06 05:45:00
2026-03-03 12:21:48,062 | INFO     | Checking for signals at 2026-02-06 05:45:00
2026-03-03 12:22:18,101 | INFO     | Checking for signals at 2026-02-06 05:45:00
2026-03-03 12:22:48,139 | INFO     | Checking for signals at 2026-02-06 05:45:00
2026-03-03 12:23:18,176 | INFO     | Checking for signals at 2026-02-06 05:45:00
2026-03-03 12:23:48,238 | INFO     | Checking for signals at 2026-02-06 05:45:00
2026-03-03 12:24:18,277 | INFO     | Checking for signals at 2026-02-06 05:45:00
2026-03-03 12:24:48,314 | INFO     | Checking for signals at 2026-02-06 05:45:00
2026-03-03 12:25:18,354 | INFO     | Checking for signals at 2026-02-06 05:45:00
2026-03-03 12:25:48,420 | INFO     | Checking for signals at 2026-02-06 05:45:00
2026-03-03 12:26:18,458 | INFO     | Checking for signals at 2026-02-06 05:45:00
2026-03-03 12:26:48,499 | INFO     | Checking for signals at 2026-02-06 05:45:00
2026-03-03 12:27:18,546 | INFO     | Checking for signals at 2026-02-06 05:45:00
2026-03-03 12:27:48,590 | INFO     | Checking for signals at 2026-02-06 05:45:00
2026-03-03 12:28:18,641 | INFO     | Checking for signals at 2026-02-06 05:45:00
2026-03-03 12:28:48,693 | INFO     | Checking for signals at 2026-02-06 05:45:00
2026-03-03 12:29:18,739 | INFO     | Checking for signals at 2026-02-06 05:45:00
2026-03-03 12:29:48,776 | INFO     | Checking for signals at 2026-02-06 05:45:00
2026-03-03 12:30:18,819 | INFO     | Checking for signals at 2026-02-06 05:45:00
2026-03-03 12:30:48,874 | INFO     | Checking for signals at 2026-02-06 05:45:00
2026-03-03 12:31:18,911 | INFO     | Checking for signals at 2026-02-06 05:45:00
2026-03-03 12:31:48,953 | INFO     | Checking for signals at 2026-02-06 05:45:00
2026-03-03 12:32:19,008 | INFO     | Checking for signals at 2026-02-06 05:45:00
2026-03-03 12:32:49,052 | INFO     | Checking for signals at 2026-02-06 05:45:00
2026-03-03 12:33:19,091 | INFO     | Checking for signals at 2026-02-06 05:45:00
2026-03-03 12:33:49,130 | INFO     | Checking for signals at 2026-02-06 05:45:00
2026-03-03 12:34:19,176 | INFO     | Checking for signals at 2026-02-06 05:45:00
2026-03-03 12:34:49,231 | INFO     | Checking for signals at 2026-02-06 05:45:00
2026-03-03 12:35:19,271 | INFO     | Checking for signals at 2026-02-06 05:45:00
2026-03-03 12:35:49,309 | INFO     | Checking for signals at 2026-02-06 05:45:00
2026-03-03 12:36:19,358 | INFO     | Checking for signals at 2026-02-06 05:45:00
2026-03-03 12:36:49,396 | INFO     | Checking for signals at 2026-02-06 05:45:00
2026-03-03 12:37:19,439 | INFO     | Checking for signals at 2026-02-06 05:45:00
2026-03-03 12:37:49,476 | INFO     | Checking for signals at 2026-02-06 05:45:00
2026-03-03 12:38:19,531 | INFO     | Checking for signals at 2026-02-06 05:45:00
2026-03-03 12:38:49,573 | INFO     | Checking for signals at 2026-02-06 05:45:00
2026-03-03 12:39:19,614 | INFO     | Checking for signals at 2026-02-06 05:45:00
2026-03-03 12:39:49,651 | INFO     | Checking for signals at 2026-02-06 05:45:00
2026-03-03 12:40:19,696 | INFO     | Checking for signals at 2026-02-06 05:45:00
2026-03-03 12:40:49,734 | INFO     | Checking for signals at 2026-02-06 05:45:00
2026-03-03 12:41:19,772 | INFO     | Checking for signals at 2026-02-06 05:45:00
2026-03-03 12:41:49,809 | INFO     | Checking for signals at 2026-02-06 05:45:00
2026-03-03 12:42:19,866 | INFO     | Checking for signals at 2026-02-06 05:45:00
2026-03-03 12:42:49,922 | INFO     | Checking for signals at 2026-02-06 05:45:00
2026-03-03 12:43:19,989 | INFO     | Checking for signals at 2026-02-06 05:45:00
2026-03-03 12:43:50,043 | INFO     | Checking for signals at 2026-02-06 05:45:00
2026-03-03 12:44:20,094 | INFO     | Checking for signals at 2026-02-06 05:45:00
2026-03-03 12:44:50,135 | INFO     | Checking for signals at 2026-02-06 05:45:00
